0 info it worked if it ends with ok
1 verbose cli [ 'node', '/usr/local/bin/npm', 'install', 'transform-react-jsx' ]
2 info using npm@2.11.3
3 info using node@v0.12.7
4 verbose install initial load of /Users/yh/Documents/www/git/jdSpider/jdSpider/react/package.json
5 warn package.json react@1.0.0 No description
6 warn package.json react@1.0.0 No repository field.
7 warn package.json react@1.0.0 No README data
8 verbose installManyTop reading scoped package data from /Users/yh/Documents/www/git/jdSpider/jdSpider/react/node_modules/babel/package.json
9 verbose installManyTop reading scoped package data from /Users/yh/Documents/www/git/jdSpider/jdSpider/react/node_modules/babel-core/package.json
10 verbose installManyTop reading scoped package data from /Users/yh/Documents/www/git/jdSpider/jdSpider/react/node_modules/babel-loader/package.json
11 verbose installManyTop reading scoped package data from /Users/yh/Documents/www/git/jdSpider/jdSpider/react/node_modules/babel-preset-react/package.json
12 verbose installManyTop reading scoped package data from /Users/yh/Documents/www/git/jdSpider/jdSpider/react/node_modules/body-parser/package.json
13 verbose installManyTop reading scoped package data from /Users/yh/Documents/www/git/jdSpider/jdSpider/react/node_modules/css-loader/package.json
14 verbose installManyTop reading scoped package data from /Users/yh/Documents/www/git/jdSpider/jdSpider/react/node_modules/express/package.json
15 verbose installManyTop reading scoped package data from /Users/yh/Documents/www/git/jdSpider/jdSpider/react/node_modules/marked/package.json
16 verbose installManyTop reading scoped package data from /Users/yh/Documents/www/git/jdSpider/jdSpider/react/node_modules/style-loader/package.json
17 verbose installManyTop reading scoped package data from /Users/yh/Documents/www/git/jdSpider/jdSpider/react/node_modules/webpack/package.json
18 verbose readDependencies loading dependencies from /Users/yh/Documents/www/git/jdSpider/jdSpider/react/package.json
19 silly cache add args [ 'transform-react-jsx', null ]
20 verbose cache add spec transform-react-jsx
21 silly cache add parsed spec { raw: 'transform-react-jsx',
21 silly cache add   scope: null,
21 silly cache add   name: 'transform-react-jsx',
21 silly cache add   rawSpec: '',
21 silly cache add   spec: '*',
21 silly cache add   type: 'range' }
22 silly addNamed transform-react-jsx@*
23 verbose addNamed "*" is a valid semver range for transform-react-jsx
24 silly addNameRange { name: 'transform-react-jsx', range: '*', hasData: false }
25 silly mapToRegistry name transform-react-jsx
26 silly mapToRegistry using default registry
27 silly mapToRegistry registry https://registry.npmjs.org/
28 silly mapToRegistry uri https://registry.npmjs.org/transform-react-jsx
29 verbose addNameRange registry:https://registry.npmjs.org/transform-react-jsx not in flight; fetching
30 verbose request uri https://registry.npmjs.org/transform-react-jsx
31 verbose request no auth needed
32 info attempt registry request try #1 at 7:22:22 PM
33 verbose request id 69705c974b3f3ebd
34 http request GET https://registry.npmjs.org/transform-react-jsx
35 http 404 https://registry.npmjs.org/transform-react-jsx
36 verbose headers { 'content-type': 'application/json',
36 verbose headers   'cache-control': 'max-age=0',
36 verbose headers   'content-length': '2',
36 verbose headers   'accept-ranges': 'bytes',
36 verbose headers   date: 'Tue, 03 May 2016 11:22:23 GMT',
36 verbose headers   via: '1.1 varnish',
36 verbose headers   age: '0',
36 verbose headers   connection: 'keep-alive',
36 verbose headers   'x-served-by': 'cache-itm7427-ITM',
36 verbose headers   'x-cache': 'MISS',
36 verbose headers   'x-cache-hits': '0',
36 verbose headers   'x-timer': 'S1462274543.020882,VS0,VE186',
36 verbose headers   vary: 'Accept-Encoding' }
37 silly get cb [ 404,
37 silly get   { 'content-type': 'application/json',
37 silly get     'cache-control': 'max-age=0',
37 silly get     'content-length': '2',
37 silly get     'accept-ranges': 'bytes',
37 silly get     date: 'Tue, 03 May 2016 11:22:23 GMT',
37 silly get     via: '1.1 varnish',
37 silly get     age: '0',
37 silly get     connection: 'keep-alive',
37 silly get     'x-served-by': 'cache-itm7427-ITM',
37 silly get     'x-cache': 'MISS',
37 silly get     'x-cache-hits': '0',
37 silly get     'x-timer': 'S1462274543.020882,VS0,VE186',
37 silly get     vary: 'Accept-Encoding' } ]
38 verbose stack Error: Registry returned 404 for GET on https://registry.npmjs.org/transform-react-jsx
38 verbose stack     at CachingRegistryClient.<anonymous> (/usr/local/lib/node_modules/npm/node_modules/npm-registry-client/lib/request.js:239:14)
38 verbose stack     at Request._callback (/usr/local/lib/node_modules/npm/node_modules/npm-registry-client/lib/request.js:170:14)
38 verbose stack     at Request.self.callback (/usr/local/lib/node_modules/npm/node_modules/request/request.js:354:22)
38 verbose stack     at Request.emit (events.js:110:17)
38 verbose stack     at Request.<anonymous> (/usr/local/lib/node_modules/npm/node_modules/request/request.js:1207:14)
38 verbose stack     at Request.emit (events.js:129:20)
38 verbose stack     at IncomingMessage.<anonymous> (/usr/local/lib/node_modules/npm/node_modules/request/request.js:1153:12)
38 verbose stack     at IncomingMessage.emit (events.js:129:20)
38 verbose stack     at _stream_readable.js:908:16
38 verbose stack     at process._tickCallback (node.js:355:11)
39 verbose statusCode 404
40 verbose pkgid transform-react-jsx
41 verbose cwd /Users/yh/Documents/www/git/jdSpider/jdSpider/react/public
42 error Darwin 15.4.0
43 error argv "node" "/usr/local/bin/npm" "install" "transform-react-jsx"
44 error node v0.12.7
45 error npm  v2.11.3
46 error code E404
47 error 404 Registry returned 404 for GET on https://registry.npmjs.org/transform-react-jsx
47 error 404
47 error 404 'transform-react-jsx' is not in the npm registry.
47 error 404 You should bug the author to publish it (or use the name yourself!)
47 error 404 It was specified as a dependency of 'react'
47 error 404
47 error 404 Note that you can also install from a
47 error 404 tarball, folder, http url, or git url.
48 verbose exit [ 1, true ]
